<?xml version="1.0" encoding="UTF-8"?>
<!-- Generated by org.testng.reporters.JUnitXMLReporter -->
<testsuite ignored="0" hostname="rizwans-mbp.mynet" failures="0" tests="3" name="Default test" time="3.869" errors="0" timestamp="2020-06-12T09:24:11 BST">
  <testcase classname="files.DynamicJson" name="addBook" time="3.048"/>
  <testcase classname="files.DynamicJson" name="addBook" time="0.391"/>
  <testcase classname="files.DynamicJson" name="addBook" time="0.369"/>
</testsuite> <!-- Default test -->
