<?xml version="1.0" encoding="UTF-8"?>
<!-- Generated by org.testng.reporters.JUnitXMLReporter -->
<testsuite ignored="0" hostname="rizwans-mbp.mynet" failures="0" tests="3" name="Default test" time="4.482" errors="0" timestamp="2020-06-12T09:10:08 BST">
  <testcase classname="files.DynamicJson" name="addBook" time="3.681"/>
  <testcase classname="files.DynamicJson" name="addBook" time="0.372"/>
  <testcase classname="files.DynamicJson" name="addBook" time="0.359"/>
</testsuite> <!-- Default test -->
