<?xml version="1.0" encoding="UTF-8"?>
<testng-results ignored="0" total="1" passed="1" failed="0" skipped="0">
  <reporter-output>
  </reporter-output>
  <suite started-at="2020-06-12T09:46:02 BST" name="Default suite" finished-at="2020-06-12T09:46:05 BST" duration-ms="2955">
    <groups>
    </groups>
    <test started-at="2020-06-12T09:46:02 BST" name="Default test" finished-at="2020-06-12T09:46:05 BST" duration-ms="2955">
      <class name="files.StaticJson">
        <test-method signature="addBook()[pri:0, instance:files.StaticJson@5be6e01c]" started-at="2020-06-12T09:46:02 BST" name="addBook" finished-at="2020-06-12T09:46:05 BST" duration-ms="2878" status="PASS">
          <reporter-output>
          </reporter-output>
        </test-method> <!-- addBook -->
      </class> <!-- files.StaticJson -->
    </test> <!-- Default test -->
  </suite> <!-- Default suite -->
</testng-results>
